<?xml version="1.0" encoding="UTF-8"?>
<testng-results ignored="0" total="1" passed="1" failed="0" skipped="0">
  <reporter-output>
  </reporter-output>
  <suite started-at="2022-08-24T13:55:08Z" name="Suite" finished-at="2022-08-24T13:55:15Z" duration-ms="7060">
    <groups>
    </groups>
    <test started-at="2022-08-24T13:55:08Z" name="Test" finished-at="2022-08-24T13:55:15Z" duration-ms="7060">
      <class name="GetPlaceDetails">
        <test-method is-config="true" signature="setBaseURI()[pri:0, instance:GetPlaceDetails@783ec989]" started-at="2022-08-24T13:55:06Z" name="setBaseURI" finished-at="2022-08-24T13:55:08Z" duration-ms="1907" status="PASS">
          <reporter-output>
          </reporter-output>
        </test-method> <!-- setBaseURI -->
        <test-method is-config="true" signature="beforeMethod()[pri:0, instance:GetPlaceDetails@783ec989]" started-at="2022-08-24T13:55:11Z" name="beforeMethod" finished-at="2022-08-24T13:55:11Z" duration-ms="144" status="PASS">
          <reporter-output>
          </reporter-output>
        </test-method> <!-- beforeMethod -->
        <test-method signature="getPlaceDetails(java.lang.String, java.lang.String, java.lang.String, java.lang.String, java.lang.String, java.lang.String, java.lang.String, java.lang.String, java.lang.String)[pri:0, instance:GetPlaceDetails@783ec989]" started-at="2022-08-24T13:55:11Z" name="getPlaceDetails" description="To retrieve the details of the Place details " data-provider="DataFromExcel" finished-at="2022-08-24T13:55:15Z" duration-ms="3754" status="PASS">
          <params>
            <param index="0">
              <value>
                <![CDATA[33162]]>
              </value>
            </param>
            <param index="1">
              <value>
                <![CDATA[United States]]>
              </value>
            </param>
            <param index="2">
              <value>
                <![CDATA[US]]>
              </value>
            </param>
            <param index="3">
              <value>
                <![CDATA[Miami]]>
              </value>
            </param>
            <param index="4">
              <value>
                <![CDATA[-80.183]]>
              </value>
            </param>
            <param index="5">
              <value>
                <![CDATA[Florida]]>
              </value>
            </param>
            <param index="6">
              <value>
                <![CDATA[FL]]>
              </value>
            </param>
            <param index="7">
              <value>
                <![CDATA[25.9286]]>
              </value>
            </param>
            <param index="8">
              <value is-null="true"/>
            </param>
          </params>
          <reporter-output>
          </reporter-output>
        </test-method> <!-- getPlaceDetails -->
      </class> <!-- GetPlaceDetails -->
    </test> <!-- Test -->
  </suite> <!-- Suite -->
</testng-results>
